

================================================================
== Vitis HLS Report for 'foo'
================================================================
* Date:           Fri Feb 14 12:04:44 2020

* Version:        2020.1.0 (Build 2778784 on Wed Feb 12 20:42:44 MST 2020)
* Project:        Sched_Bind
* Solution:       solution1
* Product family: virtexuplus
* Target device:  xcu200-fsgd2104-2-e


================================================================
== Performance Estimates
================================================================
+ Timing: 
    * Summary: 
    +--------+----------+----------+------------+
    |  Clock |  Target  | Estimated| Uncertainty|
    +--------+----------+----------+------------+
    |ap_clk  | 10.00 ns | 1.350 ns |   2.70 ns  |
    +--------+----------+----------+------------+

+ Latency: 
    * Summary: 
    +---------+---------+-----------+-----------+-----+-----+---------+
    |  Latency (cycles) |   Latency (absolute)  |  Interval | Pipeline|
    |   min   |   max   |    min    |    max    | min | max |   Type  |
    +---------+---------+-----------+-----------+-----+-----+---------+
    |        3|        3| 30.000 ns | 30.000 ns |    3|    3|   none  |
    +---------+---------+-----------+-----------+-----+-----+---------+

    + Detail: 
        * Instance: 
        N/A

        * Loop: 
        N/A

============================================================
+ Verbose Summary: Synthesis Manager
============================================================
InlineROM: 1
ExposeGlobal: 0
============================================================
+ Verbose Summary: CDFG Model
============================================================
IsTopModel: 1
ResetActiveHigh: 1
IsCombinational: 0
IsDatapathOnly: 0
HasWiredReturn: 1
HasMFsm: 0
HasVarLatency: 1
IsPipeline: 0
IsRtlPipelined: 0
IsInstanceOverlapped: 0
IsDontTouch: 0
HasImplIP: 0
IsGatedGlobalClock: 0


============================================================
+ Verbose Summary: Schedule
============================================================
* Number of FSM states : 4
* Pipeline : 0
* Dataflow Pipeline: 0

* FSM state transitions: 
1 --> 2 
2 --> 3 
3 --> 4 
4 --> 

* FSM state operations: 

State 1 <SV = 0> <Delay = 0.99>
ST_1 : Operation 5 [1/1] (0.00ns)   --->   "%a_read = read i8 @_ssdm_op_Read.ap_auto.i8, i8 %a" [Sched_Bind/.settings/foo.cpp:1]   --->   Operation 5 'read' 'a_read' <Predicate = true> <Delay = 0.00>
ST_1 : Operation 6 [1/1] (0.00ns)   --->   "%x_read = read i8 @_ssdm_op_Read.ap_auto.i8, i8 %x" [Sched_Bind/.settings/foo.cpp:1]   --->   Operation 6 'read' 'x_read' <Predicate = true> <Delay = 0.00>
ST_1 : Operation 7 [3/3] (0.99ns) (grouped into DSP with root node y)   --->   "%mul_ln3 = mul i8 %a_read, i8 %x_read" [Sched_Bind/.settings/foo.cpp:3]   --->   Operation 7 'mul' 'mul_ln3' <Predicate = true> <Delay = 0.99> <CoreInst = "DSP48">   --->   Core 1 'DSP48' <Latency = 3> <II = 1> <Delay = 0.53> <IPBlock> <Opcode : 'mul' 'add' 'sub' 'select'> <InPorts = 2> <OutPorts = 1> <Sync> <CReg>

State 2 <SV = 1> <Delay = 0.99>
ST_2 : Operation 8 [2/3] (0.99ns) (grouped into DSP with root node y)   --->   "%mul_ln3 = mul i8 %a_read, i8 %x_read" [Sched_Bind/.settings/foo.cpp:3]   --->   Operation 8 'mul' 'mul_ln3' <Predicate = true> <Delay = 0.99> <CoreInst = "DSP48">   --->   Core 1 'DSP48' <Latency = 3> <II = 1> <Delay = 0.53> <IPBlock> <Opcode : 'mul' 'add' 'sub' 'select'> <InPorts = 2> <OutPorts = 1> <Sync> <CReg>

State 3 <SV = 2> <Delay = 1.35>
ST_3 : Operation 9 [1/1] (0.00ns)   --->   "%c_read = read i8 @_ssdm_op_Read.ap_auto.i8, i8 %c" [Sched_Bind/.settings/foo.cpp:1]   --->   Operation 9 'read' 'c_read' <Predicate = true> <Delay = 0.00>
ST_3 : Operation 10 [1/1] (0.00ns)   --->   "%b_read = read i8 @_ssdm_op_Read.ap_auto.i8, i8 %b" [Sched_Bind/.settings/foo.cpp:1]   --->   Operation 10 'read' 'b_read' <Predicate = true> <Delay = 0.00>
ST_3 : Operation 11 [1/3] (0.00ns) (grouped into DSP with root node y)   --->   "%mul_ln3 = mul i8 %a_read, i8 %x_read" [Sched_Bind/.settings/foo.cpp:3]   --->   Operation 11 'mul' 'mul_ln3' <Predicate = true> <Delay = 0.00> <CoreInst = "DSP48">   --->   Core 1 'DSP48' <Latency = 3> <II = 1> <Delay = 0.53> <IPBlock> <Opcode : 'mul' 'add' 'sub' 'select'> <InPorts = 2> <OutPorts = 1> <Sync> <CReg>
ST_3 : Operation 12 [1/1] (0.70ns)   --->   "%add_ln3 = add i8 %b_read, i8 %c_read" [Sched_Bind/.settings/foo.cpp:3]   --->   Operation 12 'add' 'add_ln3' <Predicate = true> <Delay = 0.70> <CoreInst = "Adder">   --->   Core 2 'Adder' <Latency = 0> <II = 1> <Delay = 0.70> <FuncUnit> <Opcode : 'add' 'sub'> <InPorts = 2> <OutPorts = 1>
ST_3 : Operation 13 [2/2] (0.64ns) (root node of the DSP)   --->   "%y = add i8 %add_ln3, i8 %mul_ln3" [Sched_Bind/.settings/foo.cpp:3]   --->   Operation 13 'add' 'y' <Predicate = true> <Delay = 0.64> <CoreInst = "DSP48">   --->   Core 1 'DSP48' <Latency = 3> <II = 1> <Delay = 0.53> <IPBlock> <Opcode : 'mul' 'add' 'sub' 'select'> <InPorts = 2> <OutPorts = 1> <Sync> <CReg>

State 4 <SV = 3> <Delay = 0.64>
ST_4 : Operation 14 [1/1] (0.00ns)   --->   "%specbitsmap_ln0 = specbitsmap void @_ssdm_op_SpecBitsMap, i32"   --->   Operation 14 'specbitsmap' 'specbitsmap_ln0' <Predicate = true> <Delay = 0.00>
ST_4 : Operation 15 [1/1] (0.00ns)   --->   "%spectopmodule_ln0 = spectopmodule void @_ssdm_op_SpecTopModule, void @empty_1"   --->   Operation 15 'spectopmodule' 'spectopmodule_ln0' <Predicate = true> <Delay = 0.00>
ST_4 : Operation 16 [1/1] (0.00ns)   --->   "%specbitsmap_ln0 = specbitsmap void @_ssdm_op_SpecBitsMap, i8 %x"   --->   Operation 16 'specbitsmap' 'specbitsmap_ln0' <Predicate = true> <Delay = 0.00>
ST_4 : Operation 17 [1/1] (0.00ns)   --->   "%specinterface_ln0 = specinterface void @_ssdm_op_SpecInterface, i8 %x, void @empty, i32, i32, void @empty_0, i32, i32, void @empty_0, void @empty_0, void @empty_0, i32, i32, i32, i32, void @empty_0, void @empty_0"   --->   Operation 17 'specinterface' 'specinterface_ln0' <Predicate = true> <Delay = 0.00>
ST_4 : Operation 18 [1/1] (0.00ns)   --->   "%specbitsmap_ln0 = specbitsmap void @_ssdm_op_SpecBitsMap, i8 %a"   --->   Operation 18 'specbitsmap' 'specbitsmap_ln0' <Predicate = true> <Delay = 0.00>
ST_4 : Operation 19 [1/1] (0.00ns)   --->   "%specinterface_ln0 = specinterface void @_ssdm_op_SpecInterface, i8 %a, void @empty, i32, i32, void @empty_0, i32, i32, void @empty_0, void @empty_0, void @empty_0, i32, i32, i32, i32, void @empty_0, void @empty_0"   --->   Operation 19 'specinterface' 'specinterface_ln0' <Predicate = true> <Delay = 0.00>
ST_4 : Operation 20 [1/1] (0.00ns)   --->   "%specbitsmap_ln0 = specbitsmap void @_ssdm_op_SpecBitsMap, i8 %b"   --->   Operation 20 'specbitsmap' 'specbitsmap_ln0' <Predicate = true> <Delay = 0.00>
ST_4 : Operation 21 [1/1] (0.00ns)   --->   "%specinterface_ln0 = specinterface void @_ssdm_op_SpecInterface, i8 %b, void @empty, i32, i32, void @empty_0, i32, i32, void @empty_0, void @empty_0, void @empty_0, i32, i32, i32, i32, void @empty_0, void @empty_0"   --->   Operation 21 'specinterface' 'specinterface_ln0' <Predicate = true> <Delay = 0.00>
ST_4 : Operation 22 [1/1] (0.00ns)   --->   "%specbitsmap_ln0 = specbitsmap void @_ssdm_op_SpecBitsMap, i8 %c"   --->   Operation 22 'specbitsmap' 'specbitsmap_ln0' <Predicate = true> <Delay = 0.00>
ST_4 : Operation 23 [1/1] (0.00ns)   --->   "%specinterface_ln0 = specinterface void @_ssdm_op_SpecInterface, i8 %c, void @empty, i32, i32, void @empty_0, i32, i32, void @empty_0, void @empty_0, void @empty_0, i32, i32, i32, i32, void @empty_0, void @empty_0"   --->   Operation 23 'specinterface' 'specinterface_ln0' <Predicate = true> <Delay = 0.00>
ST_4 : Operation 24 [1/2] (0.64ns) (root node of the DSP)   --->   "%y = add i8 %add_ln3, i8 %mul_ln3" [Sched_Bind/.settings/foo.cpp:3]   --->   Operation 24 'add' 'y' <Predicate = true> <Delay = 0.64> <CoreInst = "DSP48">   --->   Core 1 'DSP48' <Latency = 3> <II = 1> <Delay = 0.53> <IPBlock> <Opcode : 'mul' 'add' 'sub' 'select'> <InPorts = 2> <OutPorts = 1> <Sync> <CReg>
ST_4 : Operation 25 [1/1] (0.00ns)   --->   "%sext_ln4 = sext i8 %y" [Sched_Bind/.settings/foo.cpp:4]   --->   Operation 25 'sext' 'sext_ln4' <Predicate = true> <Delay = 0.00>
ST_4 : Operation 26 [1/1] (0.00ns)   --->   "%ret_ln4 = ret i32 %sext_ln4" [Sched_Bind/.settings/foo.cpp:4]   --->   Operation 26 'ret' 'ret_ln4' <Predicate = true> <Delay = 0.00>


============================================================
+ Verbose Summary: Timing violations
============================================================
Target clock period: 10ns, clock uncertainty: 2.7ns.

 <State 1>: 0.996ns
The critical path consists of the following:
	wire read on port 'a' (Sched_Bind/.settings/foo.cpp:1) [17]  (0 ns)
	'mul' operation of DSP[21] ('mul_ln3', Sched_Bind/.settings/foo.cpp:3) [19]  (0.996 ns)

 <State 2>: 0.996ns
The critical path consists of the following:
	'mul' operation of DSP[21] ('mul_ln3', Sched_Bind/.settings/foo.cpp:3) [19]  (0.996 ns)

 <State 3>: 1.35ns
The critical path consists of the following:
	wire read on port 'c' (Sched_Bind/.settings/foo.cpp:1) [15]  (0 ns)
	'add' operation ('add_ln3', Sched_Bind/.settings/foo.cpp:3) [20]  (0.705 ns)
	'add' operation of DSP[21] ('y', Sched_Bind/.settings/foo.cpp:3) [21]  (0.645 ns)

 <State 4>: 0.645ns
The critical path consists of the following:
	'add' operation of DSP[21] ('y', Sched_Bind/.settings/foo.cpp:3) [21]  (0.645 ns)


============================================================
+ Verbose Summary: Binding
============================================================
N/A
* FSMD analyzer results:
  - Output states:
 - Input state : 
  - Chain level:
	State 1
	State 2
	State 3
	State 4


============================================================
+ Verbose Summary: Datapath Resource usage 
============================================================
N/A
